Command line:
   ADD_isim_beh.exe
     -simmode  gui
     -simrunnum  0
     -socket  49295

Fri Oct 19 09:24:23 2012


 Elaboration Time: 0.0625 sec

 Current Memory Usage: 495.198 Meg

 Total Signals          : 268
 Total Nets             : 1925
 Total Signal Drivers   : 186
 Total Blocks           : 17
 Total Primitive Blocks : 13
 Total Processes        : 105
 Total Traceable Variables  : 48
 Total Scalar Nets and Variables : 35291
Total Line Count : 1127
Total Line Count : 1127

 Total Simulation Time: 74.7031 sec

 Current Memory Usage: 496.247 Meg

Fri Oct 19 09:26:27 2012

